[  0%] Built target _rto_msgs_generate_messages_check_deps_AnalogReadings
[  0%] Built target _rto_msgs_generate_messages_check_deps_SetEncoderPosition
[  0%] Built target _rto_msgs_generate_messages_check_deps_ResetOdometry
[  0%] Built target _rto_msgs_generate_messages_check_deps_SetGrapplerAxis
[  0%] Built target _rto_msgs_generate_messages_check_deps_GripperState
[  0%] Built target _rto_msgs_generate_messages_check_deps_NorthStarReadings
[  0%] Built target _rto_msgs_generate_messages_check_deps_GrapplerReadings
[  0%] Built target std_msgs_generate_messages_lisp
[  0%] Built target _rto_msgs_generate_messages_check_deps_DigitalReadings
[  0%] Built target _rto_msgs_generate_messages_check_deps_SetGripperState
[  0%] Built target _rto_msgs_generate_messages_check_deps_BHAReadings
[  0%] Built target _rto_msgs_generate_messages_check_deps_EncoderReadings
[  0%] Built target _rto_msgs_generate_messages_check_deps_SetBHAPressures
[  0%] Built target geometry_msgs_generate_messages_lisp
[  0%] Built target _rto_msgs_generate_messages_check_deps_MotorReadings
[  0%] Built target _rto_msgs_generate_messages_check_deps_PowerReadings
[  0%] Built target _rto_msgs_generate_messages_check_deps_SetGrapplerAxes
[  0%] Built target geometry_msgs_generate_messages_py
[  0%] Built target std_msgs_generate_messages_py
[  0%] Built target std_msgs_generate_messages_eus
[  0%] Built target geometry_msgs_generate_messages_eus
[  0%] Built target std_msgs_generate_messages_cpp
[  0%] Built target geometry_msgs_generate_messages_cpp
[  0%] Built target geometry_msgs_generate_messages_nodejs
[  0%] Built target std_msgs_generate_messages_nodejs
[ 19%] Built target rto_msgs_generate_messages_lisp
[ 41%] Built target rto_msgs_generate_messages_py
[ 61%] Built target rto_msgs_generate_messages_eus
[ 80%] Built target rto_msgs_generate_messages_cpp
[100%] Built target rto_msgs_generate_messages_nodejs
[100%] Built target rto_msgs_generate_messages
