Linked: (/home/azra/catkin_ws_projekatRobotino/devel/.private/rto_local_move/share/common-lisp/ros/rto_local_move/msg/_package_LocalMoveAction.lisp, /home/azra/catkin_ws_projekatRobotino/devel/share/common-lisp/ros/rto_local_move/msg/_package_LocalMoveAction.lisp)
Linked: (/home/azra/catkin_ws_projekatRobotino/devel/.private/rto_local_move/share/common-lisp/ros/rto_local_move/msg/rto_local_move-msg.asd, /home/azra/catkin_ws_projekatRobotino/devel/share/common-lisp/ros/rto_local_move/msg/rto_local_move-msg.asd)
Linked: (/home/azra/catkin_ws_projekatRobotino/devel/.private/rto_local_move/share/common-lisp/ros/rto_local_move/msg/_package_LocalMoveActionFeedback.lisp, /home/azra/catkin_ws_projekatRobotino/devel/share/common-lisp/ros/rto_local_move/msg/_package_LocalMoveActionFeedback.lisp)
Linked: (/home/azra/catkin_ws_projekatRobotino/devel/.private/rto_local_move/share/common-lisp/ros/rto_local_move/msg/LocalMoveResult.lisp, /home/azra/catkin_ws_projekatRobotino/devel/share/common-lisp/ros/rto_local_move/msg/LocalMoveResult.lisp)
Linked: (/home/azra/catkin_ws_projekatRobotino/devel/.private/rto_local_move/share/common-lisp/ros/rto_local_move/msg/_package_LocalMoveFeedback.lisp, /home/azra/catkin_ws_projekatRobotino/devel/share/common-lisp/ros/rto_local_move/msg/_package_LocalMoveFeedback.lisp)
Linked: (/home/azra/catkin_ws_projekatRobotino/devel/.private/rto_local_move/share/common-lisp/ros/rto_local_move/msg/_package_LocalMoveResult.lisp, /home/azra/catkin_ws_projekatRobotino/devel/share/common-lisp/ros/rto_local_move/msg/_package_LocalMoveResult.lisp)
Linked: (/home/azra/catkin_ws_projekatRobotino/devel/.private/rto_local_move/share/common-lisp/ros/rto_local_move/msg/LocalMoveActionGoal.lisp, /home/azra/catkin_ws_projekatRobotino/devel/share/common-lisp/ros/rto_local_move/msg/LocalMoveActionGoal.lisp)
Linked: (/home/azra/catkin_ws_projekatRobotino/devel/.private/rto_local_move/share/common-lisp/ros/rto_local_move/msg/LocalMoveActionResult.lisp, /home/azra/catkin_ws_projekatRobotino/devel/share/common-lisp/ros/rto_local_move/msg/LocalMoveActionResult.lisp)
Linked: (/home/azra/catkin_ws_projekatRobotino/devel/.private/rto_local_move/share/common-lisp/ros/rto_local_move/msg/LocalMoveGoal.lisp, /home/azra/catkin_ws_projekatRobotino/devel/share/common-lisp/ros/rto_local_move/msg/LocalMoveGoal.lisp)
Linked: (/home/azra/catkin_ws_projekatRobotino/devel/.private/rto_local_move/share/common-lisp/ros/rto_local_move/msg/LocalMoveActionFeedback.lisp, /home/azra/catkin_ws_projekatRobotino/devel/share/common-lisp/ros/rto_local_move/msg/LocalMoveActionFeedback.lisp)
Linked: (/home/azra/catkin_ws_projekatRobotino/devel/.private/rto_local_move/share/common-lisp/ros/rto_local_move/msg/_package_LocalMoveActionResult.lisp, /home/azra/catkin_ws_projekatRobotino/devel/share/common-lisp/ros/rto_local_move/msg/_package_LocalMoveActionResult.lisp)
Linked: (/home/azra/catkin_ws_projekatRobotino/devel/.private/rto_local_move/share/common-lisp/ros/rto_local_move/msg/LocalMoveAction.lisp, /home/azra/catkin_ws_projekatRobotino/devel/share/common-lisp/ros/rto_local_move/msg/LocalMoveAction.lisp)
Linked: (/home/azra/catkin_ws_projekatRobotino/devel/.private/rto_local_move/share/common-lisp/ros/rto_local_move/msg/_package_LocalMoveGoal.lisp, /home/azra/catkin_ws_projekatRobotino/devel/share/common-lisp/ros/rto_local_move/msg/_package_LocalMoveGoal.lisp)
Linked: (/home/azra/catkin_ws_projekatRobotino/devel/.private/rto_local_move/share/common-lisp/ros/rto_local_move/msg/_package.lisp, /home/azra/catkin_ws_projekatRobotino/devel/share/common-lisp/ros/rto_local_move/msg/_package.lisp)
Linked: (/home/azra/catkin_ws_projekatRobotino/devel/.private/rto_local_move/share/common-lisp/ros/rto_local_move/msg/LocalMoveFeedback.lisp, /home/azra/catkin_ws_projekatRobotino/devel/share/common-lisp/ros/rto_local_move/msg/LocalMoveFeedback.lisp)
Linked: (/home/azra/catkin_ws_projekatRobotino/devel/.private/rto_local_move/share/common-lisp/ros/rto_local_move/msg/_package_LocalMoveActionGoal.lisp, /home/azra/catkin_ws_projekatRobotino/devel/share/common-lisp/ros/rto_local_move/msg/_package_LocalMoveActionGoal.lisp)
Linked: (/home/azra/catkin_ws_projekatRobotino/devel/.private/rto_local_move/share/rto_local_move/msg/LocalMoveResult.msg, /home/azra/catkin_ws_projekatRobotino/devel/share/rto_local_move/msg/LocalMoveResult.msg)
Linked: (/home/azra/catkin_ws_projekatRobotino/devel/.private/rto_local_move/share/rto_local_move/msg/LocalMoveGoal.msg, /home/azra/catkin_ws_projekatRobotino/devel/share/rto_local_move/msg/LocalMoveGoal.msg)
Linked: (/home/azra/catkin_ws_projekatRobotino/devel/.private/rto_local_move/share/rto_local_move/msg/LocalMoveActionResult.msg, /home/azra/catkin_ws_projekatRobotino/devel/share/rto_local_move/msg/LocalMoveActionResult.msg)
Linked: (/home/azra/catkin_ws_projekatRobotino/devel/.private/rto_local_move/share/rto_local_move/msg/LocalMoveActionGoal.msg, /home/azra/catkin_ws_projekatRobotino/devel/share/rto_local_move/msg/LocalMoveActionGoal.msg)
Linked: (/home/azra/catkin_ws_projekatRobotino/devel/.private/rto_local_move/share/rto_local_move/msg/LocalMoveFeedback.msg, /home/azra/catkin_ws_projekatRobotino/devel/share/rto_local_move/msg/LocalMoveFeedback.msg)
Linked: (/home/azra/catkin_ws_projekatRobotino/devel/.private/rto_local_move/share/rto_local_move/msg/LocalMoveAction.msg, /home/azra/catkin_ws_projekatRobotino/devel/share/rto_local_move/msg/LocalMoveAction.msg)
Linked: (/home/azra/catkin_ws_projekatRobotino/devel/.private/rto_local_move/share/rto_local_move/msg/LocalMoveActionFeedback.msg, /home/azra/catkin_ws_projekatRobotino/devel/share/rto_local_move/msg/LocalMoveActionFeedback.msg)
Linked: (/home/azra/catkin_ws_projekatRobotino/devel/.private/rto_local_move/share/rto_local_move/cmake/rto_local_moveConfig.cmake, /home/azra/catkin_ws_projekatRobotino/devel/share/rto_local_move/cmake/rto_local_moveConfig.cmake)
Linked: (/home/azra/catkin_ws_projekatRobotino/devel/.private/rto_local_move/share/rto_local_move/cmake/rto_local_move-msg-paths.cmake, /home/azra/catkin_ws_projekatRobotino/devel/share/rto_local_move/cmake/rto_local_move-msg-paths.cmake)
Linked: (/home/azra/catkin_ws_projekatRobotino/devel/.private/rto_local_move/share/rto_local_move/cmake/rto_local_moveConfig-version.cmake, /home/azra/catkin_ws_projekatRobotino/devel/share/rto_local_move/cmake/rto_local_moveConfig-version.cmake)
Linked: (/home/azra/catkin_ws_projekatRobotino/devel/.private/rto_local_move/share/rto_local_move/cmake/rto_local_move-msg-extras.cmake, /home/azra/catkin_ws_projekatRobotino/devel/share/rto_local_move/cmake/rto_local_move-msg-extras.cmake)
Linked: (/home/azra/catkin_ws_projekatRobotino/devel/.private/rto_local_move/share/roseus/ros/rto_local_move/manifest.l, /home/azra/catkin_ws_projekatRobotino/devel/share/roseus/ros/rto_local_move/manifest.l)
Linked: (/home/azra/catkin_ws_projekatRobotino/devel/.private/rto_local_move/share/roseus/ros/rto_local_move/msg/LocalMoveAction.l, /home/azra/catkin_ws_projekatRobotino/devel/share/roseus/ros/rto_local_move/msg/LocalMoveAction.l)
Linked: (/home/azra/catkin_ws_projekatRobotino/devel/.private/rto_local_move/share/roseus/ros/rto_local_move/msg/LocalMoveActionFeedback.l, /home/azra/catkin_ws_projekatRobotino/devel/share/roseus/ros/rto_local_move/msg/LocalMoveActionFeedback.l)
Linked: (/home/azra/catkin_ws_projekatRobotino/devel/.private/rto_local_move/share/roseus/ros/rto_local_move/msg/LocalMoveActionResult.l, /home/azra/catkin_ws_projekatRobotino/devel/share/roseus/ros/rto_local_move/msg/LocalMoveActionResult.l)
Linked: (/home/azra/catkin_ws_projekatRobotino/devel/.private/rto_local_move/share/roseus/ros/rto_local_move/msg/LocalMoveGoal.l, /home/azra/catkin_ws_projekatRobotino/devel/share/roseus/ros/rto_local_move/msg/LocalMoveGoal.l)
Linked: (/home/azra/catkin_ws_projekatRobotino/devel/.private/rto_local_move/share/roseus/ros/rto_local_move/msg/LocalMoveFeedback.l, /home/azra/catkin_ws_projekatRobotino/devel/share/roseus/ros/rto_local_move/msg/LocalMoveFeedback.l)
Linked: (/home/azra/catkin_ws_projekatRobotino/devel/.private/rto_local_move/share/roseus/ros/rto_local_move/msg/LocalMoveResult.l, /home/azra/catkin_ws_projekatRobotino/devel/share/roseus/ros/rto_local_move/msg/LocalMoveResult.l)
Linked: (/home/azra/catkin_ws_projekatRobotino/devel/.private/rto_local_move/share/roseus/ros/rto_local_move/msg/LocalMoveActionGoal.l, /home/azra/catkin_ws_projekatRobotino/devel/share/roseus/ros/rto_local_move/msg/LocalMoveActionGoal.l)
Linked: (/home/azra/catkin_ws_projekatRobotino/devel/.private/rto_local_move/share/gennodejs/ros/rto_local_move/_index.js, /home/azra/catkin_ws_projekatRobotino/devel/share/gennodejs/ros/rto_local_move/_index.js)
Linked: (/home/azra/catkin_ws_projekatRobotino/devel/.private/rto_local_move/share/gennodejs/ros/rto_local_move/msg/LocalMoveResult.js, /home/azra/catkin_ws_projekatRobotino/devel/share/gennodejs/ros/rto_local_move/msg/LocalMoveResult.js)
Linked: (/home/azra/catkin_ws_projekatRobotino/devel/.private/rto_local_move/share/gennodejs/ros/rto_local_move/msg/LocalMoveActionGoal.js, /home/azra/catkin_ws_projekatRobotino/devel/share/gennodejs/ros/rto_local_move/msg/LocalMoveActionGoal.js)
Linked: (/home/azra/catkin_ws_projekatRobotino/devel/.private/rto_local_move/share/gennodejs/ros/rto_local_move/msg/LocalMoveFeedback.js, /home/azra/catkin_ws_projekatRobotino/devel/share/gennodejs/ros/rto_local_move/msg/LocalMoveFeedback.js)
Linked: (/home/azra/catkin_ws_projekatRobotino/devel/.private/rto_local_move/share/gennodejs/ros/rto_local_move/msg/LocalMoveActionFeedback.js, /home/azra/catkin_ws_projekatRobotino/devel/share/gennodejs/ros/rto_local_move/msg/LocalMoveActionFeedback.js)
Linked: (/home/azra/catkin_ws_projekatRobotino/devel/.private/rto_local_move/share/gennodejs/ros/rto_local_move/msg/LocalMoveGoal.js, /home/azra/catkin_ws_projekatRobotino/devel/share/gennodejs/ros/rto_local_move/msg/LocalMoveGoal.js)
Linked: (/home/azra/catkin_ws_projekatRobotino/devel/.private/rto_local_move/share/gennodejs/ros/rto_local_move/msg/LocalMoveActionResult.js, /home/azra/catkin_ws_projekatRobotino/devel/share/gennodejs/ros/rto_local_move/msg/LocalMoveActionResult.js)
Linked: (/home/azra/catkin_ws_projekatRobotino/devel/.private/rto_local_move/share/gennodejs/ros/rto_local_move/msg/LocalMoveAction.js, /home/azra/catkin_ws_projekatRobotino/devel/share/gennodejs/ros/rto_local_move/msg/LocalMoveAction.js)
Linked: (/home/azra/catkin_ws_projekatRobotino/devel/.private/rto_local_move/share/gennodejs/ros/rto_local_move/msg/_index.js, /home/azra/catkin_ws_projekatRobotino/devel/share/gennodejs/ros/rto_local_move/msg/_index.js)
Linked: (/home/azra/catkin_ws_projekatRobotino/devel/.private/rto_local_move/lib/python3/dist-packages/rto_local_move/__init__.py, /home/azra/catkin_ws_projekatRobotino/devel/lib/python3/dist-packages/rto_local_move/__init__.py)
Linked: (/home/azra/catkin_ws_projekatRobotino/devel/.private/rto_local_move/lib/python3/dist-packages/rto_local_move/msg/_LocalMoveFeedback.py, /home/azra/catkin_ws_projekatRobotino/devel/lib/python3/dist-packages/rto_local_move/msg/_LocalMoveFeedback.py)
Linked: (/home/azra/catkin_ws_projekatRobotino/devel/.private/rto_local_move/lib/python3/dist-packages/rto_local_move/msg/_LocalMoveAction.py, /home/azra/catkin_ws_projekatRobotino/devel/lib/python3/dist-packages/rto_local_move/msg/_LocalMoveAction.py)
Linked: (/home/azra/catkin_ws_projekatRobotino/devel/.private/rto_local_move/lib/python3/dist-packages/rto_local_move/msg/_LocalMoveActionResult.py, /home/azra/catkin_ws_projekatRobotino/devel/lib/python3/dist-packages/rto_local_move/msg/_LocalMoveActionResult.py)
Linked: (/home/azra/catkin_ws_projekatRobotino/devel/.private/rto_local_move/lib/python3/dist-packages/rto_local_move/msg/_LocalMoveActionFeedback.py, /home/azra/catkin_ws_projekatRobotino/devel/lib/python3/dist-packages/rto_local_move/msg/_LocalMoveActionFeedback.py)
Linked: (/home/azra/catkin_ws_projekatRobotino/devel/.private/rto_local_move/lib/python3/dist-packages/rto_local_move/msg/_LocalMoveGoal.py, /home/azra/catkin_ws_projekatRobotino/devel/lib/python3/dist-packages/rto_local_move/msg/_LocalMoveGoal.py)
Linked: (/home/azra/catkin_ws_projekatRobotino/devel/.private/rto_local_move/lib/python3/dist-packages/rto_local_move/msg/_LocalMoveActionGoal.py, /home/azra/catkin_ws_projekatRobotino/devel/lib/python3/dist-packages/rto_local_move/msg/_LocalMoveActionGoal.py)
Linked: (/home/azra/catkin_ws_projekatRobotino/devel/.private/rto_local_move/lib/python3/dist-packages/rto_local_move/msg/_LocalMoveResult.py, /home/azra/catkin_ws_projekatRobotino/devel/lib/python3/dist-packages/rto_local_move/msg/_LocalMoveResult.py)
Linked: (/home/azra/catkin_ws_projekatRobotino/devel/.private/rto_local_move/lib/python3/dist-packages/rto_local_move/msg/__init__.py, /home/azra/catkin_ws_projekatRobotino/devel/lib/python3/dist-packages/rto_local_move/msg/__init__.py)
Linked: (/home/azra/catkin_ws_projekatRobotino/devel/.private/rto_local_move/lib/pkgconfig/rto_local_move.pc, /home/azra/catkin_ws_projekatRobotino/devel/lib/pkgconfig/rto_local_move.pc)
Linked: (/home/azra/catkin_ws_projekatRobotino/devel/.private/rto_local_move/lib/rto_local_move/rto_local_move_client_node, /home/azra/catkin_ws_projekatRobotino/devel/lib/rto_local_move/rto_local_move_client_node)
Linked: (/home/azra/catkin_ws_projekatRobotino/devel/.private/rto_local_move/lib/rto_local_move/rto_local_move_server_node, /home/azra/catkin_ws_projekatRobotino/devel/lib/rto_local_move/rto_local_move_server_node)
Linked: (/home/azra/catkin_ws_projekatRobotino/devel/.private/rto_local_move/include/rto_local_move/LocalMoveResult.h, /home/azra/catkin_ws_projekatRobotino/devel/include/rto_local_move/LocalMoveResult.h)
Linked: (/home/azra/catkin_ws_projekatRobotino/devel/.private/rto_local_move/include/rto_local_move/LocalMoveGoal.h, /home/azra/catkin_ws_projekatRobotino/devel/include/rto_local_move/LocalMoveGoal.h)
Linked: (/home/azra/catkin_ws_projekatRobotino/devel/.private/rto_local_move/include/rto_local_move/LocalMoveFeedback.h, /home/azra/catkin_ws_projekatRobotino/devel/include/rto_local_move/LocalMoveFeedback.h)
Linked: (/home/azra/catkin_ws_projekatRobotino/devel/.private/rto_local_move/include/rto_local_move/LocalMoveActionResult.h, /home/azra/catkin_ws_projekatRobotino/devel/include/rto_local_move/LocalMoveActionResult.h)
Linked: (/home/azra/catkin_ws_projekatRobotino/devel/.private/rto_local_move/include/rto_local_move/LocalMoveActionFeedback.h, /home/azra/catkin_ws_projekatRobotino/devel/include/rto_local_move/LocalMoveActionFeedback.h)
Linked: (/home/azra/catkin_ws_projekatRobotino/devel/.private/rto_local_move/include/rto_local_move/LocalMoveActionGoal.h, /home/azra/catkin_ws_projekatRobotino/devel/include/rto_local_move/LocalMoveActionGoal.h)
Linked: (/home/azra/catkin_ws_projekatRobotino/devel/.private/rto_local_move/include/rto_local_move/LocalMoveAction.h, /home/azra/catkin_ws_projekatRobotino/devel/include/rto_local_move/LocalMoveAction.h)
