[01m[K/home/azra/catkin_ws_projekatRobotino/src/rto_core/rto_local_move/src/rto_local_move_client_node.cpp:[m[K In function ‘[01m[Kint main(int, char**)[m[K’:
[01m[K/home/azra/catkin_ws_projekatRobotino/src/rto_core/rto_local_move/src/rto_local_move_client_node.cpp:97:20:[m[K [01;31m[Kerror: [m[Kredeclaration of ‘[01m[Kdouble valDP[m[K’
   97 |             double [01;31m[KvalDP[m[K = (e1.position.x * e2_robot.position.x) + (e1.position.y * e2_robot.position.y);
      |                    [01;31m[K^~~~~[m[K
[01m[K/home/azra/catkin_ws_projekatRobotino/src/rto_core/rto_local_move/src/rto_local_move_client_node.cpp:87:20:[m[K [01;36m[Knote: [m[K‘[01m[Kdouble valDP[m[K’ previously declared here
   87 |             double [01;36m[KvalDP[m[K = (e1.position.x * e2.position.x) + (e1.position.y * e2.position.y);
      |                    [01;36m[K^~~~~[m[K
[01m[K/home/azra/catkin_ws_projekatRobotino/src/rto_core/rto_local_move/src/rto_local_move_client_node.cpp:133:35:[m[K [01;31m[Kerror: [m[Ktoo few arguments to function ‘[01m[Kdouble distancePoints(double, double, double, double)[m[K’
  133 |             dR2O = distancePoints([01;31m[K)[m[K; // robot - lopta
      |                                   [01;31m[K^[m[K
[01m[K/home/azra/catkin_ws_projekatRobotino/src/rto_core/rto_local_move/src/rto_local_move_client_node.cpp:12:8:[m[K [01;36m[Knote: [m[Kdeclared here
   12 | double [01;36m[KdistancePoints[m[K(double x1,double y1,double x2,double y2){
      |        [01;36m[K^~~~~~~~~~~~~~[m[K
[01m[K/home/azra/catkin_ws_projekatRobotino/src/rto_core/rto_local_move/src/rto_local_move_client_node.cpp:134:35:[m[K [01;31m[Kerror: [m[Ktoo few arguments to function ‘[01m[Kdouble distancePoints(double, double, double, double)[m[K’
  134 |             dR2P = distancePoints([01;31m[K)[m[K; //robot - putanja
      |                                   [01;31m[K^[m[K
[01m[K/home/azra/catkin_ws_projekatRobotino/src/rto_core/rto_local_move/src/rto_local_move_client_node.cpp:12:8:[m[K [01;36m[Knote: [m[Kdeclared here
   12 | double [01;36m[KdistancePoints[m[K(double x1,double y1,double x2,double y2){
      |        [01;36m[K^~~~~~~~~~~~~~[m[K
[01m[K/home/azra/catkin_ws_projekatRobotino/src/rto_core/rto_local_move/src/rto_local_move_client_node.cpp:135:35:[m[K [01;31m[Kerror: [m[Ktoo few arguments to function ‘[01m[Kdouble distancePoints(double, double, double, double)[m[K’
  135 |             dO2P = distancePoints([01;31m[K)[m[K; //lopta - putanja
      |                                   [01;31m[K^[m[K
[01m[K/home/azra/catkin_ws_projekatRobotino/src/rto_core/rto_local_move/src/rto_local_move_client_node.cpp:12:8:[m[K [01;36m[Knote: [m[Kdeclared here
   12 | double [01;36m[KdistancePoints[m[K(double x1,double y1,double x2,double y2){
      |        [01;36m[K^~~~~~~~~~~~~~[m[K
[01m[K/home/azra/catkin_ws_projekatRobotino/src/rto_core/rto_local_move/src/rto_local_move_client_node.cpp:137:25:[m[K [01;31m[Kerror: [m[Kno matching function for call to ‘[01m[Kacos()[m[K’
  137 |             aORP = acos([01;31m[K)[m[K;
      |                         [01;31m[K^[m[K
In file included from [01m[K/usr/include/features.h:461[m[K,
                 from [01m[K/usr/include/x86_64-linux-gnu/c++/9/bits/os_defines.h:39[m[K,
                 from [01m[K/usr/include/x86_64-linux-gnu/c++/9/bits/c++config.h:528[m[K,
                 from [01m[K/usr/include/c++/9/cstdlib:41[m[K,
                 from [01m[K/usr/include/c++/9/stdlib.h:36[m[K,
                 from [01m[K/opt/ros/noetic/include/ros/platform.h:37[m[K,
                 from [01m[K/opt/ros/noetic/include/ros/time.h:53[m[K,
                 from [01m[K/opt/ros/noetic/include/ros/ros.h:38[m[K,
                 from [01m[K/home/azra/catkin_ws_projekatRobotino/src/rto_core/rto_local_move/include/RTOLocalMoveClient.h:11[m[K,
                 from [01m[K/home/azra/catkin_ws_projekatRobotino/src/rto_core/rto_local_move/src/rto_local_move_client_node.cpp:8[m[K:
[01m[K/usr/include/x86_64-linux-gnu/bits/mathcalls.h:53:1:[m[K [01;36m[Knote: [m[Kcandidate: ‘[01m[Kdouble acos(double)[m[K’
   53 | [01;36m[K__MATHCALL[m[K (acos,, (_Mdouble_ __x));
      | [01;36m[K^~~~~~~~~~[m[K
[01m[K/usr/include/x86_64-linux-gnu/bits/mathcalls.h:53:1:[m[K [01;36m[Knote: [m[K  candidate expects 1 argument, 0 provided
In file included from [01m[K/opt/ros/noetic/include/ros/time.h:55[m[K,
                 from [01m[K/opt/ros/noetic/include/ros/ros.h:38[m[K,
                 from [01m[K/home/azra/catkin_ws_projekatRobotino/src/rto_core/rto_local_move/include/RTOLocalMoveClient.h:11[m[K,
                 from [01m[K/home/azra/catkin_ws_projekatRobotino/src/rto_core/rto_local_move/src/rto_local_move_client_node.cpp:8[m[K:
[01m[K/usr/include/c++/9/cmath:99:5:[m[K [01;36m[Knote: [m[Kcandidate: ‘[01m[Ktemplate<class _Tp> constexpr typename __gnu_cxx::__enable_if<std::__is_integer<_Tp>::__value, double>::__type std::acos(_Tp)[m[K’
   99 |     [01;36m[Kacos[m[K(_Tp __x)
      |     [01;36m[K^~~~[m[K
[01m[K/usr/include/c++/9/cmath:99:5:[m[K [01;36m[Knote: [m[K  template argument deduction/substitution failed:
[01m[K/home/azra/catkin_ws_projekatRobotino/src/rto_core/rto_local_move/src/rto_local_move_client_node.cpp:137:25:[m[K [01;36m[Knote: [m[K  candidate expects 1 argument, 0 provided
  137 |             aORP = acos([01;36m[K)[m[K;
      |                         [01;36m[K^[m[K
In file included from [01m[K/opt/ros/noetic/include/ros/time.h:55[m[K,
                 from [01m[K/opt/ros/noetic/include/ros/ros.h:38[m[K,
                 from [01m[K/home/azra/catkin_ws_projekatRobotino/src/rto_core/rto_local_move/include/RTOLocalMoveClient.h:11[m[K,
                 from [01m[K/home/azra/catkin_ws_projekatRobotino/src/rto_core/rto_local_move/src/rto_local_move_client_node.cpp:8[m[K:
[01m[K/usr/include/c++/9/cmath:91:3:[m[K [01;36m[Knote: [m[Kcandidate: ‘[01m[Kconstexpr long double std::acos(long double)[m[K’
   91 |   [01;36m[Kacos[m[K(long double __x)
      |   [01;36m[K^~~~[m[K
[01m[K/usr/include/c++/9/cmath:91:3:[m[K [01;36m[Knote: [m[K  candidate expects 1 argument, 0 provided
[01m[K/usr/include/c++/9/cmath:87:3:[m[K [01;36m[Knote: [m[Kcandidate: ‘[01m[Kconstexpr float std::acos(float)[m[K’
   87 |   [01;36m[Kacos[m[K(float __x)
      |   [01;36m[K^~~~[m[K
[01m[K/usr/include/c++/9/cmath:87:3:[m[K [01;36m[Knote: [m[K  candidate expects 1 argument, 0 provided
make[2]: *** [CMakeFiles/rto_local_move_client_node.dir/build.make:63: CMakeFiles/rto_local_move_client_node.dir/src/rto_local_move_client_node.cpp.o] Error 1
make[1]: *** [CMakeFiles/Makefile2:250: CMakeFiles/rto_local_move_client_node.dir/all] Error 2
make: *** [Makefile:141: all] Error 2
